{"numFailedTestSuites":0,"numFailedTests":0,"numPassedTestSuites":2,"numPassedTests":2,"numPendingTestSuites":0,"numPendingTests":0,"numRuntimeErrorTestSuites":0,"numTodoTests":0,"numTotalTestSuites":2,"numTotalTests":2,"openHandles":[],"snapshot":{"added":0,"didUpdate":false,"failure":false,"filesAdded":0,"filesRemoved":0,"filesRemovedList":[],"filesUnmatched":0,"filesUpdated":0,"matched":0,"total":0,"unchecked":0,"uncheckedKeysByFile":[],"unmatched":0,"updated":0},"startTime":1630952466966,"success":true,"testResults":[{"assertionResults":[{"ancestorTitles":["<Button />"],"failureMessages":[],"fullName":"<Button /> should print label text","location":null,"status":"passed","title":"should print label text"}],"endTime":1630952472410,"message":"","name":"/Users/farv/repos/components/src/components/button/Button.test.tsx","startTime":1630952467769,"status":"passed","summary":""},{"assertionResults":[{"ancestorTitles":["<DatePicker />"],"failureMessages":[],"fullName":"<DatePicker /> should change the month title","location":null,"status":"passed","title":"should change the month title"}],"endTime":1630952472957,"message":"","name":"/Users/farv/repos/components/src/components/datePicker/DatePicker.test.tsx","startTime":1630952467771,"status":"passed","summary":""}],"wasInterrupted":false}